<?xml version="1.0" encoding="utf-8"?><testsuites name="pytest tests"><testsuite name="pytest" errors="0" failures="0" skipped="0" tests="17" time="3.498" timestamp="2026-03-09T15:05:38.803343+00:00" hostname="agent-env-4bbc5300-a30a-4ac8-ab7d-811a668c2ea9"><testcase classname="backend.tests.test_apartments_contacts.TestHealthCheck" name="test_health_endpoint" time="0.259" /><testcase classname="backend.tests.test_apartments_contacts.TestApartmentsAPI" name="test_get_all_apartments" time="0.146" /><testcase classname="backend.tests.test_apartments_contacts.TestApartmentsAPI" name="test_filter_apartments_by_zurich" time="0.155" /><testcase classname="backend.tests.test_apartments_contacts.TestApartmentsAPI" name="test_filter_apartments_by_basel" time="0.104" /><testcase classname="backend.tests.test_apartments_contacts.TestApartmentsAPI" name="test_filter_apartments_by_geneva" time="0.129" /><testcase classname="backend.tests.test_apartments_contacts.TestApartmentsAPI" name="test_filter_apartments_by_zug" time="0.120" /><testcase classname="backend.tests.test_apartments_contacts.TestApartmentsAPI" name="test_filter_nonexistent_city" time="0.175" /><testcase classname="backend.tests.test_apartments_contacts.TestApartmentsAPI" name="test_get_single_apartment" time="0.492" /><testcase classname="backend.tests.test_apartments_contacts.TestApartmentsAPI" name="test_get_nonexistent_apartment" time="0.128" /><testcase classname="backend.tests.test_apartments_contacts.TestContactAPI" name="test_submit_contact_form_german" time="0.132" /><testcase classname="backend.tests.test_apartments_contacts.TestContactAPI" name="test_submit_contact_form_english" time="0.128" /><testcase classname="backend.tests.test_apartments_contacts.TestContactAPI" name="test_submit_contact_without_company" time="0.116" /><testcase classname="backend.tests.test_apartments_contacts.TestContactAPI" name="test_submit_contact_invalid_email" time="0.121" /><testcase classname="backend.tests.test_apartments_contacts.TestContactAPI" name="test_submit_contact_missing_required_fields" time="0.114" /><testcase classname="backend.tests.test_apartments_contacts.TestContactAPI" name="test_submit_contact_message_too_short" time="0.139" /><testcase classname="backend.tests.test_apartments_contacts.TestAdminInquiriesAPI" name="test_get_all_inquiries" time="0.113" /><testcase classname="backend.tests.test_apartments_contacts.TestAdminInquiriesAPI" name="test_inquiry_persistence_after_submit" time="0.720" /></testsuite></testsuites>